# JRE version: OpenJDK Runtime Environment (11.0.7+10) (build 11.0.7+10-post-Ubuntu-2ubuntu218.04)
# Java VM: OpenJDK 64-Bit Server VM (11.0.7+10-post-Ubuntu-2ubuntu218.04, mixed mode, sharing, tiered, compressed oops, g1 gc, linux-amd64)
Heap:
 garbage-first heap   total 190464K, used 7939K [0x00000000c4200000, 0x0000000100000000)
  region size 1024K, 1 young (1024K), 1 survivors (1024K)
 Metaspace       used 3548K, capacity 4986K, committed 5120K, reserved 1056768K
  class space    used 345K, capacity 469K, committed 512K, reserved 1048576K
GC Heap History (9 events):
Event: 10.015 GC heap before
{Heap before GC invocations=0 (full 0):
 garbage-first heap   total 63488K, used 14020K [0x00000000c4200000, 0x0000000100000000)
  region size 1024K, 14 young (14336K), 0 survivors (0K)
 Metaspace       used 3546K, capacity 4986K, committed 5120K, reserved 1056768K
  class space    used 345K, capacity 469K, committed 512K, reserved 1048576K
}
Event: 12.825 GC heap after
{Heap after GC invocations=1 (full 0):
 garbage-first heap   total 63488K, used 4238K [0x00000000c4200000, 0x0000000100000000)
  region size 1024K, 2 young (2048K), 2 survivors (2048K)
 Metaspace       used 3546K, capacity 4986K, committed 5120K, reserved 1056768K
  class space    used 345K, capacity 469K, committed 512K, reserved 1048576K
}
Event: 14.676 GC heap before
{Heap before GC invocations=1 (full 0):
 garbage-first heap   total 63488K, used 4238K [0x00000000c4200000, 0x0000000100000000)
  region size 1024K, 3 young (3072K), 2 survivors (2048K)
 Metaspace       used 3546K, capacity 4986K, committed 5120K, reserved 1056768K
  class space    used 345K, capacity 469K, committed 512K, reserved 1048576K
}
Event: 15.235 GC heap after
{Heap after GC invocations=2 (full 0):
 garbage-first heap   total 63488K, used 4725K [0x00000000c4200000, 0x0000000100000000)
  region size 1024K, 1 young (1024K), 1 survivors (1024K)
 Metaspace       used 3546K, capacity 4986K, committed 5120K, reserved 1056768K
  class space    used 345K, capacity 469K, committed 512K, reserved 1048576K
}
Event: 35.810 GC heap before
{Heap before GC invocations=2 (full 0):
 garbage-first heap   total 63488K, used 5749K [0x00000000c4200000, 0x0000000100000000)
  region size 1024K, 3 young (3072K), 1 survivors (1024K)
 Metaspace       used 3547K, capacity 4986K, committed 5120K, reserved 1056768K
  class space    used 345K, capacity 469K, committed 512K, reserved 1048576K
}
Event: 53.982 GC heap after
{Heap after GC invocations=3 (full 0):
 garbage-first heap   total 63488K, used 5758K [0x00000000c4200000, 0x0000000100000000)
  region size 1024K, 1 young (1024K), 1 survivors (1024K)
 Metaspace       used 3547K, capacity 4986K, committed 5120K, reserved 1056768K
  class space    used 345K, capacity 469K, committed 512K, reserved 1048576K
}
Event: 82.145 GC heap before
{Heap before GC invocations=3 (full 0):
 garbage-first heap   total 63488K, used 6782K [0x00000000c4200000, 0x0000000100000000)
  region size 1024K, 3 young (3072K), 1 survivors (1024K)
 Metaspace       used 3548K, capacity 4986K, committed 5120K, reserved 1056768K
  class space    used 345K, capacity 469K, committed 512K, reserved 1048576K
}
Event: 97.300 GC heap after
{Heap after GC invocations=4 (full 0):
 garbage-first heap   total 63488K, used 6825K [0x00000000c4200000, 0x0000000100000000)
  region size 1024K, 1 young (1024K), 1 survivors (1024K)
 Metaspace       used 3548K, capacity 4986K, committed 5120K, reserved 1056768K
  class space    used 345K, capacity 469K, committed 512K, reserved 1048576K
}
Event: 129.893 GC heap before
{Heap before GC invocations=4 (full 0):
 garbage-first heap   total 63488K, used 8873K [0x00000000c4200000, 0x0000000100000000)
  region size 1024K, 3 young (3072K), 1 survivors (1024K)
 Metaspace       used 3548K, capacity 4986K, committed 5120K, reserved 1056768K
  class space    used 345K, capacity 469K, committed 512K, reserved 1048576K
}

